[11460:12328318:0803/174353.387587:INFO:components/enterprise/browser/controller/chrome_browser_cloud_management_controller.cc:202] No machine level policy manager exists.
[11460:12328318:0803/174354.767876:INFO:CONSOLE:0] "
%cStop! font-family:helvetica; font-size:20px; font-size:50px; font-weight:bold; color:red; -webkit-text-stroke:1px black;", source:  (0)
[11460:12328318:0803/174354.767911:INFO:CONSOLE:0] "
%cThis is a browser feature intended for developers. If someone told you to copy-paste something here to enable a Facebook feature or "hack" someone's account, it is a scam and will give them access to your Facebook account. font-family:helvetica; font-size:20px; ", source:  (0)
[11460:12328318:0803/174354.767922:INFO:CONSOLE:0] "
%cSee https://www.facebook.com/selfxss for more information. font-family:helvetica; font-size:20px; ", source:  (0)
[11460:12328318:0803/174354.767931:INFO:CONSOLE:0] "
%c ", source:  (0)
[11460:12328352:0803/174356.701320:ERROR:google_apis/gcm/engine/registration_request.cc:291] Registration response error message: DEPRECATED_ENDPOINT
[11460:12328318:0803/174358.741221:INFO:CONSOLE:0] "
%cStop! font-family:helvetica; font-size:20px; font-size:50px; font-weight:bold; color:red; -webkit-text-stroke:1px black;", source:  (0)
[11460:12328318:0803/174358.741243:INFO:CONSOLE:0] "
%cThis is a browser feature intended for developers. If someone told you to copy-paste something here to enable a Facebook feature or "hack" someone's account, it is a scam and will give them access to your Facebook account. font-family:helvetica; font-size:20px; ", source:  (0)
[11460:12328318:0803/174358.741254:INFO:CONSOLE:0] "
%cSee https://www.facebook.com/selfxss for more information. font-family:helvetica; font-size:20px; ", source:  (0)
[11460:12328318:0803/174358.741261:INFO:CONSOLE:0] "
%c ", source:  (0)
[11460:12328318:0803/174421.067071:INFO:CONSOLE:250] "
%cStop ! font-family:helvetica; font-size:20px; font-size:50px; font-weight:bold; color:red; -webkit-text-stroke:1px black;", source: https://static.xx.fbcdn.net/rsrc.php/v4/yr/r/J1cvVFvJik0.js (250)
[11460:12328318:0803/174421.067335:INFO:CONSOLE:250] "
%cIl s’agit d’une fonctionnalité de navigateur conçue pour les développeurs. Si quelqu’un vous a invité(e) à copier-coller quelque chose ici pour activer une fonctionnalité ou soit-disant pirater le compte d’un tiers, sachez que c’est une escroquerie permettant à cette personne d’accéder à votre compte Facebook. font-family:helvetica; font-size:20px; ", source: https://static.xx.fbcdn.net/rsrc.php/v4/yr/r/J1cvVFvJik0.js (250)
[11460:12328318:0803/174421.067355:INFO:CONSOLE:250] "
%cVoir https://www.facebook.com/selfxss pour plus d’informations. font-family:helvetica; font-size:20px; ", source: https://static.xx.fbcdn.net/rsrc.php/v4/yr/r/J1cvVFvJik0.js (250)
[11460:12328318:0803/174421.067364:INFO:CONSOLE:250] "
%c ", source: https://static.xx.fbcdn.net/rsrc.php/v4/yr/r/J1cvVFvJik0.js (250)
[11460:12328352:0803/174422.601883:ERROR:google_apis/gcm/engine/registration_request.cc:291] Registration response error message: DEPRECATED_ENDPOINT
[11460:12328352:0803/174515.789720:ERROR:google_apis/gcm/engine/registration_request.cc:291] Registration response error message: DEPRECATED_ENDPOINT
[11460:12328352:0803/174658.547762:ERROR:google_apis/gcm/engine/registration_request.cc:291] Registration response error message: DEPRECATED_ENDPOINT
